<?xml version="1.0" encoding="UTF-8"?>
<!-- Generated by org.testng.reporters.JUnitReportReporter -->
<testsuite hostname="LAPTOP-B17B4A37" failures="0" tests="3" name="testClasses.Checkclass" time="0.010" errors="0" timestamp="2022-05-30T15:05:57 IST" skipped="0">
  <testcase classname="testClasses.Checkclass" name="testclassB" time="0.003"/>
  <system-out/>
  <testcase classname="testClasses.Checkclass" name="testclassA" time="0.006"/>
  <system-out/>
  <testcase classname="testClasses.Checkclass" name="testclassc" time="0.001"/>
  <system-out/>
</testsuite> <!-- testClasses.Checkclass -->
